<?xml version="1.0" encoding="UTF-8"?>
<testsuite name="com.kanastra.miniredis.domain.storage.ExpireManagerTest" tests="2" skipped="0" failures="0" errors="0" timestamp="2025-04-04T13:31:09" hostname="mark-1.local" time="13.697">
  <properties/>
  <testcase name="start should schedule with custom delays()" classname="com.kanastra.miniredis.domain.storage.ExpireManagerTest" time="11.683"/>
  <testcase name="start should schedule cleanupExpiredKeys()" classname="com.kanastra.miniredis.domain.storage.ExpireManagerTest" time="2.01"/>
  <system-out><![CDATA[]]></system-out>
  <system-err><![CDATA[]]></system-err>
</testsuite>
