<?xml version="1.0" encoding="UTF-8"?>
<testsuite name="com.kanastra.miniredis.infrastructure.handler.TcpServerTest" tests="5" skipped="0" failures="0" errors="0" timestamp="2025-04-04T13:31:25" hostname="mark-1.local" time="0.333">
  <properties/>
  <testcase name="start should handle IoException during startup and stop()" classname="com.kanastra.miniredis.infrastructure.handler.TcpServerTest" time="0.136"/>
  <testcase name="stop should stop ConnectionAcceptor, ClientManager, close ServerSocket and set isRunning to false()" classname="com.kanastra.miniredis.infrastructure.handler.TcpServerTest" time="0.005"/>
  <testcase name="stopInternal should handle IOException when closing ServerSocket()" classname="com.kanastra.miniredis.infrastructure.handler.TcpServerTest" time="0.015"/>
  <testcase name="start should handle Exception during startup and stop()" classname="com.kanastra.miniredis.infrastructure.handler.TcpServerTest" time="0.074"/>
  <testcase name="start should create ServerSocket, ClientManager, and ConnectionAcceptor and start them()" classname="com.kanastra.miniredis.infrastructure.handler.TcpServerTest" time="0.1"/>
  <system-out><![CDATA[]]></system-out>
  <system-err><![CDATA[Apr 04, 2025 10:31:25 AM com.kanastra.miniredis.infrastructure.handler.TcpServer start
INFO: Starting server on port 0
Apr 04, 2025 10:31:25 AM com.kanastra.miniredis.infrastructure.handler.ConnectionAcceptor run
INFO: Connection Acceptor started
Apr 04, 2025 10:31:25 AM com.kanastra.miniredis.infrastructure.handler.TcpServer start
SEVERE: Failed to start server on port 0: Startup error
Apr 04, 2025 10:31:25 AM com.kanastra.miniredis.infrastructure.handler.ClientManager stop
INFO: Client Manager stopped
Apr 04, 2025 10:31:25 AM com.kanastra.miniredis.infrastructure.handler.ConnectionAcceptor run
INFO: Connection Acceptor stopped
Apr 04, 2025 10:31:25 AM com.kanastra.miniredis.infrastructure.handler.TcpServer stop
INFO: Server is not currently running.
Apr 04, 2025 10:31:25 AM com.kanastra.miniredis.infrastructure.handler.TcpServer stopInternal
SEVERE: Error closing server socket: Error closing socket
Apr 04, 2025 10:31:26 AM com.kanastra.miniredis.infrastructure.handler.TcpServer start
INFO: Starting server on port 0
Apr 04, 2025 10:31:26 AM com.kanastra.miniredis.infrastructure.handler.ConnectionAcceptor run
INFO: Connection Acceptor started
Apr 04, 2025 10:31:26 AM com.kanastra.miniredis.infrastructure.handler.TcpServer start
SEVERE: An unexpected error occurred while starting server on port 0: Startup error
Apr 04, 2025 10:31:26 AM com.kanastra.miniredis.infrastructure.handler.ClientManager stop
INFO: Client Manager stopped
Apr 04, 2025 10:31:26 AM com.kanastra.miniredis.infrastructure.handler.ConnectionAcceptor run
INFO: Connection Acceptor stopped
Apr 04, 2025 10:31:26 AM com.kanastra.miniredis.infrastructure.handler.TcpServer start
INFO: Starting server on port 0
Apr 04, 2025 10:31:26 AM com.kanastra.miniredis.infrastructure.handler.TcpServer start
INFO: Server started successfully on port 0
]]></system-err>
</testsuite>
