<?xml version="1.0" encoding="UTF-8"?>
<testsuite name="com.kanastra.miniredis.infrastructure.handler.ConnectionAcceptorTest" tests="3" skipped="0" failures="0" errors="0" timestamp="2025-04-04T13:31:25" hostname="mark-1.local" time="0.099">
  <properties/>
  <testcase name="run should stop when IOException occurs during accept()" classname="com.kanastra.miniredis.infrastructure.handler.ConnectionAcceptorTest" time="0.078"/>
  <testcase name="stop should set running to false()" classname="com.kanastra.miniredis.infrastructure.handler.ConnectionAcceptorTest" time="0.001"/>
  <testcase name="run should accept connections and delegate to clientManager()" classname="com.kanastra.miniredis.infrastructure.handler.ConnectionAcceptorTest" time="0.019"/>
  <system-out><![CDATA[]]></system-out>
  <system-err><![CDATA[Apr 04, 2025 10:31:25 AM com.kanastra.miniredis.infrastructure.handler.ConnectionAcceptor run
INFO: Connection Acceptor started
Apr 04, 2025 10:31:25 AM com.kanastra.miniredis.infrastructure.handler.ConnectionAcceptor run
SEVERE: IOException occurred while accepting connections: Test IOException
Apr 04, 2025 10:31:25 AM com.kanastra.miniredis.infrastructure.handler.ConnectionAcceptor run
INFO: Connection Acceptor stopped
Apr 04, 2025 10:31:25 AM com.kanastra.miniredis.infrastructure.handler.ConnectionAcceptor run
INFO: Connection Acceptor started
Apr 04, 2025 10:31:25 AM com.kanastra.miniredis.infrastructure.handler.ConnectionAcceptor run
INFO: Accepted connection from mock.address
Apr 04, 2025 10:31:25 AM com.kanastra.miniredis.infrastructure.handler.ConnectionAcceptor run
SEVERE: IOException occurred while accepting connections: Simulated stop
Apr 04, 2025 10:31:25 AM com.kanastra.miniredis.infrastructure.handler.ConnectionAcceptor run
INFO: Connection Acceptor stopped
]]></system-err>
</testsuite>
